<?xml version="1.0" encoding="UTF-8"?>
<coverage generated="1438166606">
  <project timestamp="1438166606">
    <package name="bantu\IniGetWrapper">
      <file name="/opt/local/apache2/htdocs/81stable/3rdparty/bantu/ini-get-wrapper/src/IniGetWrapper.php">
        <class name="IniGetWrapper" namespace="bantu\IniGetWrapper">
          <metrics methods="8" coveredmethods="0" conditionals="0" coveredconditionals="0" statements="35" coveredstatements="0" elements="43" coveredelements="0"/>
        </class>
        <line num="27" type="method" name="get" crap="6" count="0"/>
        <line num="29" type="stmt" count="0"/>
        <line num="30" type="stmt" count="0"/>
        <line num="40" type="method" name="getString" crap="6" count="0"/>
        <line num="42" type="stmt" count="0"/>
        <line num="43" type="stmt" count="0"/>
        <line num="55" type="method" name="getBool" crap="12" count="0"/>
        <line num="57" type="stmt" count="0"/>
        <line num="58" type="stmt" count="0"/>
        <line num="68" type="method" name="getNumeric" crap="6" count="0"/>
        <line num="70" type="stmt" count="0"/>
        <line num="71" type="stmt" count="0"/>
        <line num="82" type="method" name="getBytes" crap="110" count="0"/>
        <line num="84" type="stmt" count="0"/>
        <line num="86" type="stmt" count="0"/>
        <line num="87" type="stmt" count="0"/>
        <line num="90" type="stmt" count="0"/>
        <line num="92" type="stmt" count="0"/>
        <line num="95" type="stmt" count="0"/>
        <line num="98" type="stmt" count="0"/>
        <line num="102" type="stmt" count="0"/>
        <line num="103" type="stmt" count="0"/>
        <line num="104" type="stmt" count="0"/>
        <line num="107" type="stmt" count="0"/>
        <line num="108" type="stmt" count="0"/>
        <line num="109" type="stmt" count="0"/>
        <line num="111" type="stmt" count="0"/>
        <line num="112" type="stmt" count="0"/>
        <line num="114" type="stmt" count="0"/>
        <line num="115" type="stmt" count="0"/>
        <line num="116" type="stmt" count="0"/>
        <line num="118" type="stmt" count="0"/>
        <line num="121" type="stmt" count="0"/>
        <line num="122" type="stmt" count="0"/>
        <line num="124" type="stmt" count="0"/>
        <line num="135" type="method" name="getList" crap="6" count="0"/>
        <line num="137" type="stmt" count="0"/>
        <line num="138" type="stmt" count="0"/>
        <line num="149" type="method" name="listContains" crap="6" count="0"/>
        <line num="151" type="stmt" count="0"/>
        <line num="152" type="stmt" count="0"/>
        <line num="158" type="method" name="getPhp" crap="2" count="0"/>
        <line num="160" type="stmt" count="0"/>
        <metrics loc="162" ncloc="77" classes="1" methods="8" coveredmethods="0" conditionals="0" coveredconditionals="0" statements="35" coveredstatements="0" elements="43" coveredelements="0"/>
      </file>
    </package>
    <package name="Doctrine\Common">
      <file name="/opt/local/apache2/htdocs/81stable/3rdparty/doctrine/common/lib/Doctrine/Common/EventArgs.php">
        <class name="EventArgs" namespace="Doctrine\Common">
          <metrics methods="1" coveredmethods="0" conditionals="0" coveredconditionals="0" statements="4" coveredstatements="0" elements="5" coveredelements="0"/>
        </class>
        <line num="59" type="method" name="getEmptyInstance" crap="6" count="0"/>
        <line num="61" type="stmt" count="0"/>
        <line num="62" type="stmt" count="0"/>
        <line num="63" type="stmt" count="0"/>
        <line num="65" type="stmt" count="0"/>
        <metrics loc="67" ncloc="17" classes="1" methods="1" coveredmethods="0" conditionals="0" coveredconditionals="0" statements="4" coveredstatements="0" elements="5" coveredelements="0"/>
      </file>
      <file name="/opt/local/apache2/htdocs/81stable/3rdparty/doctrine/common/lib/Doctrine/Common/EventManager.php">
        <class name="EventManager" namespace="Doctrine\Common">
          <metrics methods="7" coveredmethods="0" conditionals="0" coveredconditionals="0" statements="25" coveredstatements="0" elements="32" coveredelements="0"/>
        </class>
        <line num="53" type="method" name="dispatchEvent" crap="20" count="0"/>
        <line num="55" type="stmt" count="0"/>
        <line num="56" type="stmt" count="0"/>
        <line num="58" type="stmt" count="0"/>
        <line num="59" type="stmt" count="0"/>
        <line num="60" type="stmt" count="0"/>
        <line num="61" type="stmt" count="0"/>
        <line num="62" type="stmt" count="0"/>
        <line num="71" type="method" name="getListeners" crap="6" count="0"/>
        <line num="73" type="stmt" count="0"/>
        <line num="83" type="method" name="hasListeners" crap="6" count="0"/>
        <line num="85" type="stmt" count="0"/>
        <line num="96" type="method" name="addEventListener" crap="6" count="0"/>
        <line num="99" type="stmt" count="0"/>
        <line num="101" type="stmt" count="0"/>
        <line num="104" type="stmt" count="0"/>
        <line num="105" type="stmt" count="0"/>
        <line num="106" type="stmt" count="0"/>
        <line num="116" type="method" name="removeEventListener" crap="12" count="0"/>
        <line num="119" type="stmt" count="0"/>
        <line num="121" type="stmt" count="0"/>
        <line num="123" type="stmt" count="0"/>
        <line num="124" type="stmt" count="0"/>
        <line num="125" type="stmt" count="0"/>
        <line num="126" type="stmt" count="0"/>
        <line num="127" type="stmt" count="0"/>
        <line num="137" type="method" name="addEventSubscriber" crap="2" count="0"/>
        <line num="139" type="stmt" count="0"/>
        <line num="140" type="stmt" count="0"/>
        <line num="150" type="method" name="removeEventSubscriber" crap="2" count="0"/>
        <line num="152" type="stmt" count="0"/>
        <line num="153" type="stmt" count="0"/>
        <metrics loc="154" ncloc="54" classes="1" methods="7" coveredmethods="0" conditionals="0" coveredconditionals="0" statements="25" coveredstatements="0" elements="32" coveredelements="0"/>
      </file>
    </package>
    <package name="Doctrine\DBAL">
      <file name="/opt/local/apache2/htdocs/81stable/3rdparty/doctrine/dbal/lib/Doctrine/DBAL/Configuration.php">
        <class name="Configuration" namespace="Doctrine\DBAL">
          <metrics methods="8" coveredmethods="1" conditionals="0" coveredconditionals="0" statements="18" coveredstatements="2" elements="26" coveredelements="3"/>
        </class>
        <line num="52" type="method" name="setSQLLogger" crap="2" count="0"/>
        <line num="54" type="stmt" count="0"/>
        <line num="55" type="stmt" count="0"/>
        <line num="62" type="method" name="getSQLLogger" crap="2" count="2"/>
        <line num="64" type="stmt" count="2"/>
        <line num="65" type="stmt" count="2"/>
        <line num="73" type="method" name="getResultCacheImpl" crap="6" count="0"/>
        <line num="75" type="stmt" count="0"/>
        <line num="76" type="stmt" count="0"/>
        <line num="86" type="method" name="setResultCacheImpl" crap="2" count="0"/>
        <line num="88" type="stmt" count="0"/>
        <line num="89" type="stmt" count="0"/>
        <line num="102" type="method" name="setFilterSchemaAssetsExpression" crap="2" count="0"/>
        <line num="104" type="stmt" count="0"/>
        <line num="105" type="stmt" count="0"/>
        <line num="112" type="method" name="getFilterSchemaAssetsExpression" crap="6" count="0"/>
        <line num="114" type="stmt" count="0"/>
        <line num="115" type="stmt" count="0"/>
        <line num="118" type="stmt" count="0"/>
        <line num="132" type="method" name="setAutoCommit" crap="2" count="0"/>
        <line num="134" type="stmt" count="0"/>
        <line num="135" type="stmt" count="0"/>
        <line num="144" type="method" name="getAutoCommit" crap="6" count="0"/>
        <line num="146" type="stmt" count="0"/>
        <line num="147" type="stmt" count="0"/>
        <line num="150" type="stmt" count="0"/>
        <metrics loc="152" ncloc="61" classes="1" methods="8" coveredmethods="1" conditionals="0" coveredconditionals="0" statements="18" coveredstatements="2" elements="26" coveredelements="3"/>
      </file>
      <file name="/opt/local/apache2/htdocs/81stable/3rdparty/doctrine/dbal/lib/Doctrine/DBAL/Connection.php">
        <class name="Connection" namespace="Doctrine\DBAL">
          <metrics methods="66" coveredmethods="3" conditionals="0" coveredconditionals="0" statements="458" coveredstatements="13" elements="524" coveredelements="16"/>
        </class>
        <line num="201" type="method" name="__construct" crap="20" count="0"/>
        <line num="204" type="stmt" count="0"/>
        <line num="205" type="stmt" count="0"/>
        <line num="207" type="stmt" count="0"/>
        <line num="208" type="stmt" count="0"/>
        <line num="209" type="stmt" count="0"/>
        <line num="210" type="stmt" count="0"/>
        <line num="211" type="stmt" count="0"/>
        <line num="214" type="stmt" count="0"/>
        <line num="215" type="stmt" count="0"/>
        <line num="216" type="stmt" count="0"/>
        <line num="218" type="stmt" count="0"/>
        <line num="219" type="stmt" count="0"/>
        <line num="220" type="stmt" count="0"/>
        <line num="222" type="stmt" count="0"/>
        <line num="223" type="stmt" count="0"/>
        <line num="225" type="stmt" count="0"/>
        <line num="227" type="stmt" count="0"/>
        <line num="228" type="stmt" count="0"/>
        <line num="235" type="method" name="getParams" crap="2" count="0"/>
        <line num="237" type="stmt" count="0"/>
        <line num="245" type="method" name="getDatabase" crap="2" count="0"/>
        <line num="247" type="stmt" count="0"/>
        <line num="255" type="method" name="getHost" crap="6" count="0"/>
        <line num="257" type="stmt" count="0"/>
        <line num="265" type="method" name="getPort" crap="6" count="0"/>
        <line num="267" type="stmt" count="0"/>
        <line num="275" type="method" name="getUsername" crap="6" count="0"/>
        <line num="277" type="stmt" count="0"/>
        <line num="285" type="method" name="getPassword" crap="6" count="0"/>
        <line num="287" type="stmt" count="0"/>
        <line num="295" type="method" name="getDriver" crap="2" count="0"/>
        <line num="297" type="stmt" count="0"/>
        <line num="305" type="method" name="getConfiguration" crap="1" count="2"/>
        <line num="307" type="stmt" count="2"/>
        <line num="315" type="method" name="getEventManager" crap="2" count="0"/>
        <line num="317" type="stmt" count="0"/>
        <line num="325" type="method" name="getDatabasePlatform" crap="2.50" count="2"/>
        <line num="327" type="stmt" count="2"/>
        <line num="328" type="stmt" count="0"/>
        <line num="329" type="stmt" count="0"/>
        <line num="331" type="stmt" count="2"/>
        <line num="339" type="method" name="getExpressionBuilder" crap="2" count="0"/>
        <line num="341" type="stmt" count="0"/>
        <line num="350" type="method" name="connect" crap="62.42" count="2"/>
        <line num="352" type="stmt" count="2"/>
        <line num="354" type="stmt" count="0"/>
        <line num="355" type="stmt" count="0"/>
        <line num="356" type="stmt" count="0"/>
        <line num="357" type="stmt" count="0"/>
        <line num="358" type="stmt" count="0"/>
        <line num="360" type="stmt" count="0"/>
        <line num="361" type="stmt" count="0"/>
        <line num="363" type="stmt" count="0"/>
        <line num="364" type="stmt" count="0"/>
        <line num="365" type="stmt" count="0"/>
        <line num="367" type="stmt" count="0"/>
        <line num="368" type="stmt" count="0"/>
        <line num="369" type="stmt" count="0"/>
        <line num="371" type="stmt" count="0"/>
        <line num="372" type="stmt" count="0"/>
        <line num="373" type="stmt" count="0"/>
        <line num="374" type="stmt" count="0"/>
        <line num="376" type="stmt" count="0"/>
        <line num="386" type="method" name="detectDatabasePlatform" crap="20" count="0"/>
        <line num="388" type="stmt" count="0"/>
        <line num="389" type="stmt" count="0"/>
        <line num="391" type="stmt" count="0"/>
        <line num="392" type="stmt" count="0"/>
        <line num="393" type="stmt" count="0"/>
        <line num="394" type="stmt" count="0"/>
        <line num="396" type="stmt" count="0"/>
        <line num="397" type="stmt" count="0"/>
        <line num="398" type="stmt" count="0"/>
        <line num="399" type="stmt" count="0"/>
        <line num="402" type="stmt" count="0"/>
        <line num="403" type="stmt" count="0"/>
        <line num="415" type="method" name="getDatabasePlatformVersion" crap="42" count="0"/>
        <line num="418" type="stmt" count="0"/>
        <line num="419" type="stmt" count="0"/>
        <line num="423" type="stmt" count="0"/>
        <line num="424" type="stmt" count="0"/>
        <line num="428" type="stmt" count="0"/>
        <line num="429" type="stmt" count="0"/>
        <line num="430" type="stmt" count="0"/>
        <line num="433" type="stmt" count="0"/>
        <line num="434" type="stmt" count="0"/>
        <line num="435" type="stmt" count="0"/>
        <line num="436" type="stmt" count="0"/>
        <line num="440" type="stmt" count="0"/>
        <line num="450" type="method" name="isAutoCommit" crap="2" count="0"/>
        <line num="452" type="stmt" count="0"/>
        <line num="469" type="method" name="setAutoCommit" crap="20" count="0"/>
        <line num="471" type="stmt" count="0"/>
        <line num="474" type="stmt" count="0"/>
        <line num="475" type="stmt" count="0"/>
        <line num="478" type="stmt" count="0"/>
        <line num="481" type="stmt" count="0"/>
        <line num="482" type="stmt" count="0"/>
        <line num="483" type="stmt" count="0"/>
        <line num="484" type="stmt" count="0"/>
        <line num="493" type="method" name="setFetchMode" crap="2" count="0"/>
        <line num="495" type="stmt" count="0"/>
        <line num="496" type="stmt" count="0"/>
        <line num="508" type="method" name="fetchAssoc" crap="2" count="0"/>
        <line num="510" type="stmt" count="0"/>
        <line num="523" type="method" name="fetchArray" crap="2" count="0"/>
        <line num="525" type="stmt" count="0"/>
        <line num="539" type="method" name="fetchColumn" crap="2" count="0"/>
        <line num="541" type="stmt" count="0"/>
        <line num="549" type="method" name="isConnected" crap="2" count="0"/>
        <line num="551" type="stmt" count="0"/>
        <line num="559" type="method" name="isTransactionActive" crap="2" count="0"/>
        <line num="561" type="stmt" count="0"/>
        <line num="577" type="method" name="delete" crap="20" count="0"/>
        <line num="579" type="stmt" count="0"/>
        <line num="580" type="stmt" count="0"/>
        <line num="583" type="stmt" count="0"/>
        <line num="585" type="stmt" count="0"/>
        <line num="587" type="stmt" count="0"/>
        <line num="588" type="stmt" count="0"/>
        <line num="589" type="stmt" count="0"/>
        <line num="591" type="stmt" count="0"/>
        <line num="592" type="stmt" count="0"/>
        <line num="593" type="stmt" count="0"/>
        <line num="594" type="stmt" count="0"/>
        <line num="595" type="stmt" count="0"/>
        <line num="603" type="method" name="close" crap="2" count="0"/>
        <line num="605" type="stmt" count="0"/>
        <line num="607" type="stmt" count="0"/>
        <line num="608" type="stmt" count="0"/>
        <line num="617" type="method" name="setTransactionIsolation" crap="2" count="0"/>
        <line num="619" type="stmt" count="0"/>
        <line num="621" type="stmt" count="0"/>
        <line num="629" type="method" name="getTransactionIsolation" crap="6" count="0"/>
        <line num="631" type="stmt" count="0"/>
        <line num="632" type="stmt" count="0"/>
        <line num="633" type="stmt" count="0"/>
        <line num="635" type="stmt" count="0"/>
        <line num="650" type="method" name="update" crap="12" count="0"/>
        <line num="652" type="stmt" count="0"/>
        <line num="653" type="stmt" count="0"/>
        <line num="655" type="stmt" count="0"/>
        <line num="656" type="stmt" count="0"/>
        <line num="657" type="stmt" count="0"/>
        <line num="659" type="stmt" count="0"/>
        <line num="660" type="stmt" count="0"/>
        <line num="661" type="stmt" count="0"/>
        <line num="663" type="stmt" count="0"/>
        <line num="665" type="stmt" count="0"/>
        <line num="666" type="stmt" count="0"/>
        <line num="667" type="stmt" count="0"/>
        <line num="669" type="stmt" count="0"/>
        <line num="683" type="method" name="insert" crap="12" count="0"/>
        <line num="685" type="stmt" count="0"/>
        <line num="687" type="stmt" count="0"/>
        <line num="688" type="stmt" count="0"/>
        <line num="691" type="stmt" count="0"/>
        <line num="692" type="stmt" count="0"/>
        <line num="693" type="stmt" count="0"/>
        <line num="694" type="stmt" count="0"/>
        <line num="695" type="stmt" count="0"/>
        <line num="696" type="stmt" count="0"/>
        <line num="707" type="method" name="extractTypeValues" crap="12" count="0"/>
        <line num="709" type="stmt" count="0"/>
        <line num="711" type="stmt" count="0"/>
        <line num="712" type="stmt" count="0"/>
        <line num="713" type="stmt" count="0"/>
        <line num="714" type="stmt" count="0"/>
        <line num="715" type="stmt" count="0"/>
        <line num="717" type="stmt" count="0"/>
        <line num="734" type="method" name="quoteIdentifier" crap="2" count="0"/>
        <line num="736" type="stmt" count="0"/>
        <line num="747" type="method" name="quote" crap="2" count="0"/>
        <line num="749" type="stmt" count="0"/>
        <line num="751" type="stmt" count="0"/>
        <line num="752" type="stmt" count="0"/>
        <line num="764" type="method" name="fetchAll" crap="2" count="0"/>
        <line num="766" type="stmt" count="0"/>
        <line num="778" type="method" name="prepare" crap="2.02" count="2"/>
        <line num="780" type="stmt" count="2"/>
        <line num="783" type="stmt" count="2"/>
        <line num="784" type="stmt" count="2"/>
        <line num="785" type="stmt" count="0"/>
        <line num="788" type="stmt" count="2"/>
        <line num="790" type="stmt" count="2"/>
        <line num="808" type="method" name="executeQuery" crap="56" count="0"/>
        <line num="810" type="stmt" count="0"/>
        <line num="811" type="stmt" count="0"/>
        <line num="814" type="stmt" count="0"/>
        <line num="816" type="stmt" count="0"/>
        <line num="817" type="stmt" count="0"/>
        <line num="818" type="stmt" count="0"/>
        <line num="819" type="stmt" count="0"/>
        <line num="822" type="stmt" count="0"/>
        <line num="823" type="stmt" count="0"/>
        <line num="825" type="stmt" count="0"/>
        <line num="826" type="stmt" count="0"/>
        <line num="827" type="stmt" count="0"/>
        <line num="828" type="stmt" count="0"/>
        <line num="829" type="stmt" count="0"/>
        <line num="830" type="stmt" count="0"/>
        <line num="832" type="stmt" count="0"/>
        <line num="833" type="stmt" count="0"/>
        <line num="835" type="stmt" count="0"/>
        <line num="836" type="stmt" count="0"/>
        <line num="839" type="stmt" count="0"/>
        <line num="841" type="stmt" count="0"/>
        <line num="842" type="stmt" count="0"/>
        <line num="843" type="stmt" count="0"/>
        <line num="845" type="stmt" count="0"/>
        <line num="860" type="method" name="executeCacheQuery" crap="56" count="0"/>
        <line num="862" type="stmt" count="0"/>
        <line num="863" type="stmt" count="0"/>
        <line num="864" type="stmt" count="0"/>
        <line num="867" type="stmt" count="0"/>
        <line num="870" type="stmt" count="0"/>
        <line num="872" type="stmt" count="0"/>
        <line num="873" type="stmt" count="0"/>
        <line num="874" type="stmt" count="0"/>
        <line num="875" type="stmt" count="0"/>
        <line num="876" type="stmt" count="0"/>
        <line num="877" type="stmt" count="0"/>
        <line num="879" type="stmt" count="0"/>
        <line num="880" type="stmt" count="0"/>
        <line num="881" type="stmt" count="0"/>
        <line num="883" type="stmt" count="0"/>
        <line num="885" type="stmt" count="0"/>
        <line num="900" type="method" name="project" crap="6" count="0"/>
        <line num="902" type="stmt" count="0"/>
        <line num="903" type="stmt" count="0"/>
        <line num="905" type="stmt" count="0"/>
        <line num="906" type="stmt" count="0"/>
        <line num="907" type="stmt" count="0"/>
        <line num="909" type="stmt" count="0"/>
        <line num="911" type="stmt" count="0"/>
        <line num="921" type="method" name="query" crap="42" count="0"/>
        <line num="923" type="stmt" count="0"/>
        <line num="925" type="stmt" count="0"/>
        <line num="927" type="stmt" count="0"/>
        <line num="928" type="stmt" count="0"/>
        <line num="929" type="stmt" count="0"/>
        <line num="930" type="stmt" count="0"/>
        <line num="933" type="stmt" count="0"/>
        <line num="934" type="stmt" count="0"/>
        <line num="935" type="stmt" count="0"/>
        <line num="936" type="stmt" count="0"/>
        <line num="937" type="stmt" count="0"/>
        <line num="938" type="stmt" count="0"/>
        <line num="939" type="stmt" count="0"/>
        <line num="940" type="stmt" count="0"/>
        <line num="941" type="stmt" count="0"/>
        <line num="942" type="stmt" count="0"/>
        <line num="943" type="stmt" count="0"/>
        <line num="944" type="stmt" count="0"/>
        <line num="945" type="stmt" count="0"/>
        <line num="948" type="stmt" count="0"/>
        <line num="950" type="stmt" count="0"/>
        <line num="951" type="stmt" count="0"/>
        <line num="952" type="stmt" count="0"/>
        <line num="954" type="stmt" count="0"/>
        <line num="971" type="method" name="executeUpdate" crap="42" count="0"/>
        <line num="973" type="stmt" count="0"/>
        <line num="975" type="stmt" count="0"/>
        <line num="976" type="stmt" count="0"/>
        <line num="977" type="stmt" count="0"/>
        <line num="978" type="stmt" count="0"/>
        <line num="981" type="stmt" count="0"/>
        <line num="982" type="stmt" count="0"/>
        <line num="984" type="stmt" count="0"/>
        <line num="985" type="stmt" count="0"/>
        <line num="986" type="stmt" count="0"/>
        <line num="987" type="stmt" count="0"/>
        <line num="988" type="stmt" count="0"/>
        <line num="989" type="stmt" count="0"/>
        <line num="991" type="stmt" count="0"/>
        <line num="992" type="stmt" count="0"/>
        <line num="993" type="stmt" count="0"/>
        <line num="995" type="stmt" count="0"/>
        <line num="996" type="stmt" count="0"/>
        <line num="999" type="stmt" count="0"/>
        <line num="1000" type="stmt" count="0"/>
        <line num="1001" type="stmt" count="0"/>
        <line num="1003" type="stmt" count="0"/>
        <line num="1015" type="method" name="exec" crap="20" count="0"/>
        <line num="1017" type="stmt" count="0"/>
        <line num="1019" type="stmt" count="0"/>
        <line num="1020" type="stmt" count="0"/>
        <line num="1021" type="stmt" count="0"/>
        <line num="1022" type="stmt" count="0"/>
        <line num="1025" type="stmt" count="0"/>
        <line num="1026" type="stmt" count="0"/>
        <line num="1027" type="stmt" count="0"/>
        <line num="1030" type="stmt" count="0"/>
        <line num="1031" type="stmt" count="0"/>
        <line num="1032" type="stmt" count="0"/>
        <line num="1034" type="stmt" count="0"/>
        <line num="1042" type="method" name="getTransactionNestingLevel" crap="2" count="0"/>
        <line num="1044" type="stmt" count="0"/>
        <line num="1052" type="method" name="errorCode" crap="2" count="0"/>
        <line num="1054" type="stmt" count="0"/>
        <line num="1056" type="stmt" count="0"/>
        <line num="1064" type="method" name="errorInfo" crap="2" count="0"/>
        <line num="1066" type="stmt" count="0"/>
        <line num="1068" type="stmt" count="0"/>
        <line num="1083" type="method" name="lastInsertId" crap="1" count="1"/>
        <line num="1085" type="stmt" count="1"/>
        <line num="1087" type="stmt" count="1"/>
        <line num="1104" type="method" name="transactional" crap="6" count="0"/>
        <line num="1106" type="stmt" count="0"/>
        <line num="1108" type="stmt" count="0"/>
        <line num="1109" type="stmt" count="0"/>
        <line num="1110" type="stmt" count="0"/>
        <line num="1111" type="stmt" count="0"/>
        <line num="1112" type="stmt" count="0"/>
        <line num="1114" type="stmt" count="0"/>
        <line num="1125" type="method" name="setNestTransactionsWithSavepoints" crap="12" count="0"/>
        <line num="1127" type="stmt" count="0"/>
        <line num="1128" type="stmt" count="0"/>
        <line num="1131" type="stmt" count="0"/>
        <line num="1132" type="stmt" count="0"/>
        <line num="1135" type="stmt" count="0"/>
        <line num="1136" type="stmt" count="0"/>
        <line num="1143" type="method" name="getNestTransactionsWithSavepoints" crap="2" count="0"/>
        <line num="1145" type="stmt" count="0"/>
        <line num="1154" type="method" name="_getNestedTransactionSavePointName" crap="2" count="0"/>
        <line num="1156" type="stmt" count="0"/>
        <line num="1164" type="method" name="beginTransaction" crap="56" count="0"/>
        <line num="1166" type="stmt" count="0"/>
        <line num="1168" type="stmt" count="0"/>
        <line num="1170" type="stmt" count="0"/>
        <line num="1172" type="stmt" count="0"/>
        <line num="1173" type="stmt" count="0"/>
        <line num="1174" type="stmt" count="0"/>
        <line num="1175" type="stmt" count="0"/>
        <line num="1176" type="stmt" count="0"/>
        <line num="1177" type="stmt" count="0"/>
        <line num="1178" type="stmt" count="0"/>
        <line num="1179" type="stmt" count="0"/>
        <line num="1180" type="stmt" count="0"/>
        <line num="1181" type="stmt" count="0"/>
        <line num="1182" type="stmt" count="0"/>
        <line num="1183" type="stmt" count="0"/>
        <line num="1184" type="stmt" count="0"/>
        <line num="1185" type="stmt" count="0"/>
        <line num="1186" type="stmt" count="0"/>
        <line num="1187" type="stmt" count="0"/>
        <line num="1188" type="stmt" count="0"/>
        <line num="1189" type="stmt" count="0"/>
        <line num="1199" type="method" name="commit" crap="132" count="0"/>
        <line num="1201" type="stmt" count="0"/>
        <line num="1202" type="stmt" count="0"/>
        <line num="1204" type="stmt" count="0"/>
        <line num="1205" type="stmt" count="0"/>
        <line num="1208" type="stmt" count="0"/>
        <line num="1210" type="stmt" count="0"/>
        <line num="1212" type="stmt" count="0"/>
        <line num="1213" type="stmt" count="0"/>
        <line num="1214" type="stmt" count="0"/>
        <line num="1215" type="stmt" count="0"/>
        <line num="1216" type="stmt" count="0"/>
        <line num="1217" type="stmt" count="0"/>
        <line num="1218" type="stmt" count="0"/>
        <line num="1219" type="stmt" count="0"/>
        <line num="1220" type="stmt" count="0"/>
        <line num="1221" type="stmt" count="0"/>
        <line num="1222" type="stmt" count="0"/>
        <line num="1223" type="stmt" count="0"/>
        <line num="1224" type="stmt" count="0"/>
        <line num="1225" type="stmt" count="0"/>
        <line num="1226" type="stmt" count="0"/>
        <line num="1227" type="stmt" count="0"/>
        <line num="1228" type="stmt" count="0"/>
        <line num="1230" type="stmt" count="0"/>
        <line num="1232" type="stmt" count="0"/>
        <line num="1233" type="stmt" count="0"/>
        <line num="1234" type="stmt" count="0"/>
        <line num="1235" type="stmt" count="0"/>
        <line num="1240" type="method" name="commitAll" crap="20" count="0"/>
        <line num="1242" type="stmt" count="0"/>
        <line num="1243" type="stmt" count="0"/>
        <line num="1246" type="stmt" count="0"/>
        <line num="1248" type="stmt" count="0"/>
        <line num="1251" type="stmt" count="0"/>
        <line num="1252" type="stmt" count="0"/>
        <line num="1253" type="stmt" count="0"/>
        <line num="1263" type="method" name="rollBack" crap="90" count="0"/>
        <line num="1265" type="stmt" count="0"/>
        <line num="1266" type="stmt" count="0"/>
        <line num="1269" type="stmt" count="0"/>
        <line num="1271" type="stmt" count="0"/>
        <line num="1273" type="stmt" count="0"/>
        <line num="1274" type="stmt" count="0"/>
        <line num="1275" type="stmt" count="0"/>
        <line num="1276" type="stmt" count="0"/>
        <line num="1277" type="stmt" count="0"/>
        <line num="1278" type="stmt" count="0"/>
        <line num="1279" type="stmt" count="0"/>
        <line num="1280" type="stmt" count="0"/>
        <line num="1281" type="stmt" count="0"/>
        <line num="1282" type="stmt" count="0"/>
        <line num="1284" type="stmt" count="0"/>
        <line num="1285" type="stmt" count="0"/>
        <line num="1286" type="stmt" count="0"/>
        <line num="1287" type="stmt" count="0"/>
        <line num="1288" type="stmt" count="0"/>
        <line num="1289" type="stmt" count="0"/>
        <line num="1290" type="stmt" count="0"/>
        <line num="1291" type="stmt" count="0"/>
        <line num="1292" type="stmt" count="0"/>
        <line num="1293" type="stmt" count="0"/>
        <line num="1294" type="stmt" count="0"/>
        <line num="1295" type="stmt" count="0"/>
        <line num="1296" type="stmt" count="0"/>
        <line num="1297" type="stmt" count="0"/>
        <line num="1298" type="stmt" count="0"/>
        <line num="1300" type="stmt" count="0"/>
        <line num="1311" type="method" name="createSavepoint" crap="6" count="0"/>
        <line num="1313" type="stmt" count="0"/>
        <line num="1314" type="stmt" count="0"/>
        <line num="1317" type="stmt" count="0"/>
        <line num="1318" type="stmt" count="0"/>
        <line num="1329" type="method" name="releaseSavepoint" crap="12" count="0"/>
        <line num="1331" type="stmt" count="0"/>
        <line num="1332" type="stmt" count="0"/>
        <line num="1335" type="stmt" count="0"/>
        <line num="1336" type="stmt" count="0"/>
        <line num="1337" type="stmt" count="0"/>
        <line num="1338" type="stmt" count="0"/>
        <line num="1349" type="method" name="rollbackSavepoint" crap="6" count="0"/>
        <line num="1351" type="stmt" count="0"/>
        <line num="1352" type="stmt" count="0"/>
        <line num="1355" type="stmt" count="0"/>
        <line num="1356" type="stmt" count="0"/>
        <line num="1363" type="method" name="getWrappedConnection" crap="1" count="2"/>
        <line num="1365" type="stmt" count="2"/>
        <line num="1367" type="stmt" count="2"/>
        <line num="1376" type="method" name="getSchemaManager" crap="6" count="0"/>
        <line num="1378" type="stmt" count="0"/>
        <line num="1379" type="stmt" count="0"/>
        <line num="1380" type="stmt" count="0"/>
        <line num="1382" type="stmt" count="0"/>
        <line num="1393" type="method" name="setRollbackOnly" crap="6" count="0"/>
        <line num="1395" type="stmt" count="0"/>
        <line num="1396" type="stmt" count="0"/>
        <line num="1398" type="stmt" count="0"/>
        <line num="1399" type="stmt" count="0"/>
        <line num="1408" type="method" name="isRollbackOnly" crap="6" count="0"/>
        <line num="1410" type="stmt" count="0"/>
        <line num="1411" type="stmt" count="0"/>
        <line num="1414" type="stmt" count="0"/>
        <line num="1426" type="method" name="convertToDatabaseValue" crap="2" count="0"/>
        <line num="1428" type="stmt" count="0"/>
        <line num="1440" type="method" name="convertToPHPValue" crap="2" count="0"/>
        <line num="1442" type="stmt" count="0"/>
        <line num="1458" type="method" name="_bindTypedValues" crap="56" count="0"/>
        <line num="1461" type="stmt" count="0"/>
        <line num="1463" type="stmt" count="0"/>
        <line num="1464" type="stmt" count="0"/>
        <line num="1465" type="stmt" count="0"/>
        <line num="1466" type="stmt" count="0"/>
        <line num="1467" type="stmt" count="0"/>
        <line num="1468" type="stmt" count="0"/>
        <line num="1469" type="stmt" count="0"/>
        <line num="1470" type="stmt" count="0"/>
        <line num="1471" type="stmt" count="0"/>
        <line num="1472" type="stmt" count="0"/>
        <line num="1474" type="stmt" count="0"/>
        <line num="1475" type="stmt" count="0"/>
        <line num="1476" type="stmt" count="0"/>
        <line num="1478" type="stmt" count="0"/>
        <line num="1479" type="stmt" count="0"/>
        <line num="1480" type="stmt" count="0"/>
        <line num="1481" type="stmt" count="0"/>
        <line num="1482" type="stmt" count="0"/>
        <line num="1483" type="stmt" count="0"/>
        <line num="1484" type="stmt" count="0"/>
        <line num="1486" type="stmt" count="0"/>
        <line num="1488" type="stmt" count="0"/>
        <line num="1498" type="method" name="getBindingInfo" crap="12" count="0"/>
        <line num="1500" type="stmt" count="0"/>
        <line num="1501" type="stmt" count="0"/>
        <line num="1502" type="stmt" count="0"/>
        <line num="1503" type="stmt" count="0"/>
        <line num="1504" type="stmt" count="0"/>
        <line num="1505" type="stmt" count="0"/>
        <line num="1506" type="stmt" count="0"/>
        <line num="1507" type="stmt" count="0"/>
        <line num="1510" type="stmt" count="0"/>
        <line num="1524" type="method" name="resolveParams" crap="56" count="0"/>
        <line num="1526" type="stmt" count="0"/>
        <line num="1529" type="stmt" count="0"/>
        <line num="1531" type="stmt" count="0"/>
        <line num="1532" type="stmt" count="0"/>
        <line num="1533" type="stmt" count="0"/>
        <line num="1534" type="stmt" count="0"/>
        <line num="1535" type="stmt" count="0"/>
        <line num="1536" type="stmt" count="0"/>
        <line num="1537" type="stmt" count="0"/>
        <line num="1538" type="stmt" count="0"/>
        <line num="1539" type="stmt" count="0"/>
        <line num="1540" type="stmt" count="0"/>
        <line num="1542" type="stmt" count="0"/>
        <line num="1543" type="stmt" count="0"/>
        <line num="1544" type="stmt" count="0"/>
        <line num="1546" type="stmt" count="0"/>
        <line num="1547" type="stmt" count="0"/>
        <line num="1548" type="stmt" count="0"/>
        <line num="1549" type="stmt" count="0"/>
        <line num="1550" type="stmt" count="0"/>
        <line num="1551" type="stmt" count="0"/>
        <line num="1552" type="stmt" count="0"/>
        <line num="1554" type="stmt" count="0"/>
        <line num="1557" type="stmt" count="0"/>
        <line num="1565" type="method" name="createQueryBuilder" crap="2" count="0"/>
        <line num="1567" type="stmt" count="0"/>
        <line num="1591" type="method" name="ping" crap="12" count="0"/>
        <line num="1593" type="stmt" count="0"/>
        <line num="1595" type="stmt" count="0"/>
        <line num="1596" type="stmt" count="0"/>
        <line num="1600" type="stmt" count="0"/>
        <line num="1602" type="stmt" count="0"/>
        <line num="1603" type="stmt" count="0"/>
        <line num="1604" type="stmt" count="0"/>
        <metrics loc="1607" ncloc="902" classes="1" methods="66" coveredmethods="3" conditionals="0" coveredconditionals="0" statements="458" coveredstatements="13" elements="524" coveredelements="16"/>
      </file>
      <file name="/opt/local/apache2/htdocs/81stable/3rdparty/doctrine/dbal/lib/Doctrine/DBAL/DriverManager.php">
        <class name="DriverManager" namespace="Doctrine\DBAL">
          <metrics methods="5" coveredmethods="0" conditionals="0" coveredconditionals="0" statements="72" coveredstatements="0" elements="77" coveredelements="0"/>
        </class>
        <line num="72" type="method" name="__construct" crap="2" count="0"/>
        <line num="74" type="stmt" count="0"/>
        <line num="131" type="method" name="getConnection" crap="90" count="0"/>
        <line num="137" type="stmt" count="0"/>
        <line num="138" type="stmt" count="0"/>
        <line num="139" type="stmt" count="0"/>
        <line num="140" type="stmt" count="0"/>
        <line num="141" type="stmt" count="0"/>
        <line num="142" type="stmt" count="0"/>
        <line num="144" type="stmt" count="0"/>
        <line num="147" type="stmt" count="0"/>
        <line num="148" type="stmt" count="0"/>
        <line num="149" type="stmt" count="0"/>
        <line num="150" type="stmt" count="0"/>
        <line num="151" type="stmt" count="0"/>
        <line num="152" type="stmt" count="0"/>
        <line num="153" type="stmt" count="0"/>
        <line num="155" type="stmt" count="0"/>
        <line num="156" type="stmt" count="0"/>
        <line num="157" type="stmt" count="0"/>
        <line num="158" type="stmt" count="0"/>
        <line num="161" type="stmt" count="0"/>
        <line num="163" type="stmt" count="0"/>
        <line num="164" type="stmt" count="0"/>
        <line num="165" type="stmt" count="0"/>
        <line num="166" type="stmt" count="0"/>
        <line num="167" type="stmt" count="0"/>
        <line num="168" type="stmt" count="0"/>
        <line num="170" type="stmt" count="0"/>
        <line num="172" type="stmt" count="0"/>
        <line num="180" type="method" name="getAvailableDrivers" crap="2" count="0"/>
        <line num="182" type="stmt" count="0"/>
        <line num="194" type="method" name="_checkParams" crap="56" count="0"/>
        <line num="199" type="stmt" count="0"/>
        <line num="200" type="stmt" count="0"/>
        <line num="206" type="stmt" count="0"/>
        <line num="207" type="stmt" count="0"/>
        <line num="210" type="stmt" count="0"/>
        <line num="211" type="stmt" count="0"/>
        <line num="213" type="stmt" count="0"/>
        <line num="225" type="method" name="parseDatabaseUrl" crap="210" count="0"/>
        <line num="227" type="stmt" count="0"/>
        <line num="228" type="stmt" count="0"/>
        <line num="232" type="stmt" count="0"/>
        <line num="234" type="stmt" count="0"/>
        <line num="236" type="stmt" count="0"/>
        <line num="237" type="stmt" count="0"/>
        <line num="240" type="stmt" count="0"/>
        <line num="241" type="stmt" count="0"/>
        <line num="242" type="stmt" count="0"/>
        <line num="243" type="stmt" count="0"/>
        <line num="244" type="stmt" count="0"/>
        <line num="245" type="stmt" count="0"/>
        <line num="247" type="stmt" count="0"/>
        <line num="248" type="stmt" count="0"/>
        <line num="249" type="stmt" count="0"/>
        <line num="250" type="stmt" count="0"/>
        <line num="251" type="stmt" count="0"/>
        <line num="252" type="stmt" count="0"/>
        <line num="253" type="stmt" count="0"/>
        <line num="254" type="stmt" count="0"/>
        <line num="255" type="stmt" count="0"/>
        <line num="256" type="stmt" count="0"/>
        <line num="257" type="stmt" count="0"/>
        <line num="258" type="stmt" count="0"/>
        <line num="260" type="stmt" count="0"/>
        <line num="261" type="stmt" count="0"/>
        <line num="262" type="stmt" count="0"/>
        <line num="263" type="stmt" count="0"/>
        <line num="264" type="stmt" count="0"/>
        <line num="266" type="stmt" count="0"/>
        <line num="268" type="stmt" count="0"/>
        <line num="269" type="stmt" count="0"/>
        <line num="270" type="stmt" count="0"/>
        <line num="271" type="stmt" count="0"/>
        <line num="272" type="stmt" count="0"/>
        <line num="274" type="stmt" count="0"/>
        <metrics loc="276" ncloc="132" classes="1" methods="5" coveredmethods="0" conditionals="0" coveredconditionals="0" statements="72" coveredstatements="0" elements="77" coveredelements="0"/>
      </file>
      <file name="/opt/local/apache2/htdocs/81stable/3rdparty/doctrine/dbal/lib/Doctrine/DBAL/Events.php">
        <class name="Events" namespace="Doctrine\DBAL">
          <metrics methods="1" coveredmethods="0" conditionals="0" coveredconditionals="0" statements="1" coveredstatements="0" elements="2" coveredelements="0"/>
        </class>
        <line num="35" type="method" name="__construct" crap="2" count="0"/>
        <line num="37" type="stmt" count="0"/>
        <metrics loc="51" ncloc="23" classes="1" methods="1" coveredmethods="0" conditionals="0" coveredconditionals="0" statements="1" coveredstatements="0" elements="2" coveredelements="0"/>
      </file>
      <file name="/opt/local/apache2/htdocs/81stable/3rdparty/doctrine/dbal/lib/Doctrine/DBAL/SQLParserUtils.php">
        <class name="SQLParserUtils" namespace="Doctrine\DBAL">
          <metrics methods="4" coveredmethods="0" conditionals="0" coveredconditionals="0" statements="102" coveredstatements="0" elements="106" coveredelements="0"/>
        </class>
        <line num="51" type="method" name="getPlaceholderPositions" crap="56" count="0"/>
        <line num="53" type="stmt" count="0"/>
        <line num="54" type="stmt" count="0"/>
        <line num="55" type="stmt" count="0"/>
        <line num="58" type="stmt" count="0"/>
        <line num="59" type="stmt" count="0"/>
        <line num="61" type="stmt" count="0"/>
        <line num="62" type="stmt" count="0"/>
        <line num="63" type="stmt" count="0"/>
        <line num="64" type="stmt" count="0"/>
        <line num="65" type="stmt" count="0"/>
        <line num="66" type="stmt" count="0"/>
        <line num="67" type="stmt" count="0"/>
        <line num="68" type="stmt" count="0"/>
        <line num="70" type="stmt" count="0"/>
        <line num="71" type="stmt" count="0"/>
        <line num="73" type="stmt" count="0"/>
        <line num="87" type="method" name="expandListParameters" crap="342" count="0"/>
        <line num="89" type="stmt" count="0"/>
        <line num="90" type="stmt" count="0"/>
        <line num="91" type="stmt" count="0"/>
        <line num="93" type="stmt" count="0"/>
        <line num="94" type="stmt" count="0"/>
        <line num="95" type="stmt" count="0"/>
        <line num="96" type="stmt" count="0"/>
        <line num="98" type="stmt" count="0"/>
        <line num="99" type="stmt" count="0"/>
        <line num="101" type="stmt" count="0"/>
        <line num="102" type="stmt" count="0"/>
        <line num="105" type="stmt" count="0"/>
        <line num="106" type="stmt" count="0"/>
        <line num="107" type="stmt" count="0"/>
        <line num="109" type="stmt" count="0"/>
        <line num="110" type="stmt" count="0"/>
        <line num="112" type="stmt" count="0"/>
        <line num="113" type="stmt" count="0"/>
        <line num="116" type="stmt" count="0"/>
        <line num="118" type="stmt" count="0"/>
        <line num="119" type="stmt" count="0"/>
        <line num="120" type="stmt" count="0"/>
        <line num="121" type="stmt" count="0"/>
        <line num="122" type="stmt" count="0"/>
        <line num="124" type="stmt" count="0"/>
        <line num="125" type="stmt" count="0"/>
        <line num="126" type="stmt" count="0"/>
        <line num="129" type="stmt" count="0"/>
        <line num="130" type="stmt" count="0"/>
        <line num="131" type="stmt" count="0"/>
        <line num="133" type="stmt" count="0"/>
        <line num="134" type="stmt" count="0"/>
        <line num="135" type="stmt" count="0"/>
        <line num="136" type="stmt" count="0"/>
        <line num="137" type="stmt" count="0"/>
        <line num="139" type="stmt" count="0"/>
        <line num="140" type="stmt" count="0"/>
        <line num="142" type="stmt" count="0"/>
        <line num="143" type="stmt" count="0"/>
        <line num="144" type="stmt" count="0"/>
        <line num="145" type="stmt" count="0"/>
        <line num="147" type="stmt" count="0"/>
        <line num="148" type="stmt" count="0"/>
        <line num="150" type="stmt" count="0"/>
        <line num="151" type="stmt" count="0"/>
        <line num="152" type="stmt" count="0"/>
        <line num="154" type="stmt" count="0"/>
        <line num="157" type="stmt" count="0"/>
        <line num="158" type="stmt" count="0"/>
        <line num="159" type="stmt" count="0"/>
        <line num="161" type="stmt" count="0"/>
        <line num="162" type="stmt" count="0"/>
        <line num="163" type="stmt" count="0"/>
        <line num="165" type="stmt" count="0"/>
        <line num="166" type="stmt" count="0"/>
        <line num="167" type="stmt" count="0"/>
        <line num="168" type="stmt" count="0"/>
        <line num="169" type="stmt" count="0"/>
        <line num="170" type="stmt" count="0"/>
        <line num="172" type="stmt" count="0"/>
        <line num="175" type="stmt" count="0"/>
        <line num="176" type="stmt" count="0"/>
        <line num="178" type="stmt" count="0"/>
        <line num="179" type="stmt" count="0"/>
        <line num="180" type="stmt" count="0"/>
        <line num="181" type="stmt" count="0"/>
        <line num="183" type="stmt" count="0"/>
        <line num="184" type="stmt" count="0"/>
        <line num="185" type="stmt" count="0"/>
        <line num="186" type="stmt" count="0"/>
        <line num="188" type="stmt" count="0"/>
        <line num="202" type="method" name="getUnquotedStatementFragments" crap="2" count="0"/>
        <line num="204" type="stmt" count="0"/>
        <line num="205" type="stmt" count="0"/>
        <line num="206" type="stmt" count="0"/>
        <line num="207" type="stmt" count="0"/>
        <line num="208" type="stmt" count="0"/>
        <line num="210" type="stmt" count="0"/>
        <line num="222" type="method" name="extractParam" crap="30" count="0"/>
        <line num="224" type="stmt" count="0"/>
        <line num="225" type="stmt" count="0"/>
        <line num="229" type="stmt" count="0"/>
        <line num="230" type="stmt" count="0"/>
        <line num="233" type="stmt" count="0"/>
        <line num="234" type="stmt" count="0"/>
        <line num="237" type="stmt" count="0"/>
        <line num="238" type="stmt" count="0"/>
        <line num="241" type="stmt" count="0"/>
        <metrics loc="243" ncloc="169" classes="1" methods="4" coveredmethods="0" conditionals="0" coveredconditionals="0" statements="102" coveredstatements="0" elements="106" coveredelements="0"/>
      </file>
      <file name="/opt/local/apache2/htdocs/81stable/3rdparty/doctrine/dbal/lib/Doctrine/DBAL/Statement.php">
        <class name="Statement" namespace="Doctrine\DBAL">
          <metrics methods="15" coveredmethods="3" conditionals="0" coveredconditionals="0" statements="57" coveredstatements="24" elements="72" coveredelements="27"/>
        </class>
        <line num="83" type="method" name="__construct" crap="1" count="2"/>
        <line num="85" type="stmt" count="2"/>
        <line num="86" type="stmt" count="2"/>
        <line num="87" type="stmt" count="2"/>
        <line num="88" type="stmt" count="2"/>
        <line num="89" type="stmt" count="2"/>
        <line num="105" type="method" name="bindValue" crap="20" count="0"/>
        <line num="107" type="stmt" count="0"/>
        <line num="108" type="stmt" count="0"/>
        <line num="109" type="stmt" count="0"/>
        <line num="110" type="stmt" count="0"/>
        <line num="111" type="stmt" count="0"/>
        <line num="112" type="stmt" count="0"/>
        <line num="113" type="stmt" count="0"/>
        <line num="114" type="stmt" count="0"/>
        <line num="115" type="stmt" count="0"/>
        <line num="116" type="stmt" count="0"/>
        <line num="117" type="stmt" count="0"/>
        <line num="120" type="stmt" count="0"/>
        <line num="122" type="stmt" count="0"/>
        <line num="139" type="method" name="bindParam" crap="2" count="0"/>
        <line num="141" type="stmt" count="0"/>
        <line num="153" type="method" name="execute" crap="5.58" count="2"/>
        <line num="155" type="stmt" count="2"/>
        <line num="156" type="stmt" count="2"/>
        <line num="157" type="stmt" count="2"/>
        <line num="159" type="stmt" count="2"/>
        <line num="160" type="stmt" count="2"/>
        <line num="161" type="stmt" count="2"/>
        <line num="162" type="stmt" count="2"/>
        <line num="165" type="stmt" count="2"/>
        <line num="166" type="stmt" count="2"/>
        <line num="167" type="stmt" count="0"/>
        <line num="168" type="stmt" count="0"/>
        <line num="169" type="stmt" count="0"/>
        <line num="170" type="stmt" count="0"/>
        <line num="171" type="stmt" count="0"/>
        <line num="172" type="stmt" count="0"/>
        <line num="175" type="stmt" count="2"/>
        <line num="176" type="stmt" count="2"/>
        <line num="177" type="stmt" count="2"/>
        <line num="178" type="stmt" count="2"/>
        <line num="179" type="stmt" count="2"/>
        <line num="181" type="stmt" count="2"/>
        <line num="189" type="method" name="closeCursor" crap="2" count="0"/>
        <line num="191" type="stmt" count="0"/>
        <line num="199" type="method" name="columnCount" crap="2" count="0"/>
        <line num="201" type="stmt" count="0"/>
        <line num="209" type="method" name="errorCode" crap="2" count="0"/>
        <line num="211" type="stmt" count="0"/>
        <line num="219" type="method" name="errorInfo" crap="2" count="0"/>
        <line num="221" type="stmt" count="0"/>
        <line num="227" type="method" name="setFetchMode" crap="4.94" count="2"/>
        <line num="229" type="stmt" count="2"/>
        <line num="230" type="stmt" count="2"/>
        <line num="231" type="stmt" count="0"/>
        <line num="232" type="stmt" count="0"/>
        <line num="235" type="stmt" count="0"/>
        <line num="243" type="method" name="getIterator" crap="2" count="0"/>
        <line num="245" type="stmt" count="0"/>
        <line num="256" type="method" name="fetch" crap="1" count="2"/>
        <line num="258" type="stmt" count="2"/>
        <line num="269" type="method" name="fetchAll" crap="6" count="0"/>
        <line num="271" type="stmt" count="0"/>
        <line num="272" type="stmt" count="0"/>
        <line num="275" type="stmt" count="0"/>
        <line num="285" type="method" name="fetchColumn" crap="2" count="0"/>
        <line num="287" type="stmt" count="0"/>
        <line num="295" type="method" name="rowCount" crap="1" count="2"/>
        <line num="297" type="stmt" count="2"/>
        <line num="305" type="method" name="getWrappedStatement" crap="2" count="0"/>
        <line num="307" type="stmt" count="0"/>
        <metrics loc="309" ncloc="150" classes="1" methods="15" coveredmethods="3" conditionals="0" coveredconditionals="0" statements="57" coveredstatements="24" elements="72" coveredelements="27"/>
      </file>
    </package>
    <package name="Doctrine\DBAL\Driver">
      <file name="/opt/local/apache2/htdocs/81stable/3rdparty/doctrine/dbal/lib/Doctrine/DBAL/Driver/AbstractMySQLDriver.php">
        <class name="AbstractMySQLDriver" namespace="Doctrine\DBAL\Driver">
          <metrics methods="5" coveredmethods="0" conditionals="0" coveredconditionals="0" statements="79" coveredstatements="0" elements="84" coveredelements="0"/>
        </class>
        <line num="45" type="method" name="convertException" crap="2450" count="0"/>
        <line num="47" type="stmt" count="0"/>
        <line num="48" type="stmt" count="0"/>
        <line num="49" type="stmt" count="0"/>
        <line num="51" type="stmt" count="0"/>
        <line num="52" type="stmt" count="0"/>
        <line num="53" type="stmt" count="0"/>
        <line num="55" type="stmt" count="0"/>
        <line num="56" type="stmt" count="0"/>
        <line num="57" type="stmt" count="0"/>
        <line num="58" type="stmt" count="0"/>
        <line num="59" type="stmt" count="0"/>
        <line num="60" type="stmt" count="0"/>
        <line num="62" type="stmt" count="0"/>
        <line num="63" type="stmt" count="0"/>
        <line num="64" type="stmt" count="0"/>
        <line num="65" type="stmt" count="0"/>
        <line num="66" type="stmt" count="0"/>
        <line num="68" type="stmt" count="0"/>
        <line num="69" type="stmt" count="0"/>
        <line num="70" type="stmt" count="0"/>
        <line num="71" type="stmt" count="0"/>
        <line num="73" type="stmt" count="0"/>
        <line num="74" type="stmt" count="0"/>
        <line num="75" type="stmt" count="0"/>
        <line num="76" type="stmt" count="0"/>
        <line num="78" type="stmt" count="0"/>
        <line num="79" type="stmt" count="0"/>
        <line num="80" type="stmt" count="0"/>
        <line num="81" type="stmt" count="0"/>
        <line num="82" type="stmt" count="0"/>
        <line num="83" type="stmt" count="0"/>
        <line num="84" type="stmt" count="0"/>
        <line num="85" type="stmt" count="0"/>
        <line num="86" type="stmt" count="0"/>
        <line num="87" type="stmt" count="0"/>
        <line num="88" type="stmt" count="0"/>
        <line num="89" type="stmt" count="0"/>
        <line num="90" type="stmt" count="0"/>
        <line num="92" type="stmt" count="0"/>
        <line num="93" type="stmt" count="0"/>
        <line num="94" type="stmt" count="0"/>
        <line num="95" type="stmt" count="0"/>
        <line num="96" type="stmt" count="0"/>
        <line num="97" type="stmt" count="0"/>
        <line num="98" type="stmt" count="0"/>
        <line num="99" type="stmt" count="0"/>
        <line num="100" type="stmt" count="0"/>
        <line num="101" type="stmt" count="0"/>
        <line num="102" type="stmt" count="0"/>
        <line num="103" type="stmt" count="0"/>
        <line num="105" type="stmt" count="0"/>
        <line num="106" type="stmt" count="0"/>
        <line num="107" type="stmt" count="0"/>
        <line num="108" type="stmt" count="0"/>
        <line num="109" type="stmt" count="0"/>
        <line num="110" type="stmt" count="0"/>
        <line num="111" type="stmt" count="0"/>
        <line num="112" type="stmt" count="0"/>
        <line num="113" type="stmt" count="0"/>
        <line num="115" type="stmt" count="0"/>
        <line num="121" type="method" name="createDatabasePlatformForVersion" crap="42" count="0"/>
        <line num="123" type="stmt" count="0"/>
        <line num="124" type="stmt" count="0"/>
        <line num="125" type="stmt" count="0"/>
        <line num="127" type="stmt" count="0"/>
        <line num="130" type="stmt" count="0"/>
        <line num="131" type="stmt" count="0"/>
        <line num="134" type="stmt" count="0"/>
        <line num="135" type="stmt" count="0"/>
        <line num="136" type="stmt" count="0"/>
        <line num="137" type="stmt" count="0"/>
        <line num="139" type="stmt" count="0"/>
        <line num="140" type="stmt" count="0"/>
        <line num="143" type="stmt" count="0"/>
        <line num="149" type="method" name="getDatabase" crap="6" count="0"/>
        <line num="151" type="stmt" count="0"/>
        <line num="153" type="stmt" count="0"/>
        <line num="154" type="stmt" count="0"/>
        <line num="157" type="stmt" count="0"/>
        <line num="163" type="method" name="getDatabasePlatform" crap="2" count="0"/>
        <line num="165" type="stmt" count="0"/>
        <line num="171" type="method" name="getSchemaManager" crap="2" count="0"/>
        <line num="173" type="stmt" count="0"/>
        <metrics loc="175" ncloc="133" classes="1" methods="5" coveredmethods="0" conditionals="0" coveredconditionals="0" statements="79" coveredstatements="0" elements="84" coveredelements="0"/>
      </file>
      <file name="/opt/local/apache2/htdocs/81stable/3rdparty/doctrine/dbal/lib/Doctrine/DBAL/Driver/PDOConnection.php">
        <class name="PDOConnection" namespace="Doctrine\DBAL\Driver">
          <metrics methods="8" coveredmethods="1" conditionals="0" coveredconditionals="0" statements="27" coveredstatements="2" elements="35" coveredelements="3"/>
        </class>
        <line num="40" type="method" name="__construct" crap="6" count="0"/>
        <line num="43" type="stmt" count="0"/>
        <line num="44" type="stmt" count="0"/>
        <line num="45" type="stmt" count="0"/>
        <line num="46" type="stmt" count="0"/>
        <line num="47" type="stmt" count="0"/>
        <line num="49" type="stmt" count="0"/>
        <line num="54" type="method" name="exec" crap="6" count="0"/>
        <line num="57" type="stmt" count="0"/>
        <line num="58" type="stmt" count="0"/>
        <line num="59" type="stmt" count="0"/>
        <line num="66" type="method" name="getServerVersion" crap="2" count="0"/>
        <line num="68" type="stmt" count="0"/>
        <line num="74" type="method" name="prepare" crap="3.19" count="2"/>
        <line num="77" type="stmt" count="2"/>
        <line num="78" type="stmt" count="0"/>
        <line num="79" type="stmt" count="0"/>
        <line num="86" type="method" name="query" crap="30" count="0"/>
        <line num="88" type="stmt" count="0"/>
        <line num="89" type="stmt" count="0"/>
        <line num="92" type="stmt" count="0"/>
        <line num="93" type="stmt" count="0"/>
        <line num="96" type="stmt" count="0"/>
        <line num="97" type="stmt" count="0"/>
        <line num="100" type="stmt" count="0"/>
        <line num="101" type="stmt" count="0"/>
        <line num="104" type="stmt" count="0"/>
        <line num="105" type="stmt" count="0"/>
        <line num="106" type="stmt" count="0"/>
        <line num="113" type="method" name="quote" crap="2" count="0"/>
        <line num="115" type="stmt" count="0"/>
        <line num="121" type="method" name="lastInsertId" crap="1" count="1"/>
        <line num="123" type="stmt" count="1"/>
        <line num="129" type="method" name="requiresQueryForServerVersion" crap="2" count="0"/>
        <line num="131" type="stmt" count="0"/>
        <metrics loc="133" ncloc="81" classes="1" methods="8" coveredmethods="1" conditionals="0" coveredconditionals="0" statements="27" coveredstatements="2" elements="35" coveredelements="3"/>
      </file>
      <file name="/opt/local/apache2/htdocs/81stable/3rdparty/doctrine/dbal/lib/Doctrine/DBAL/Driver/PDOStatement.php">
        <class name="PDOStatement" namespace="Doctrine\DBAL\Driver">
          <metrics methods="8" coveredmethods="1" conditionals="0" coveredconditionals="0" statements="38" coveredstatements="6" elements="46" coveredelements="7"/>
        </class>
        <line num="33" type="method" name="__construct" crap="1" count="2"/>
        <line num="35" type="stmt" count="2"/>
        <line num="40" type="method" name="setFetchMode" crap="14.11" count="2"/>
        <line num="47" type="stmt" count="2"/>
        <line num="48" type="stmt" count="2"/>
        <line num="51" type="stmt" count="0"/>
        <line num="52" type="stmt" count="0"/>
        <line num="55" type="stmt" count="0"/>
        <line num="56" type="stmt" count="0"/>
        <line num="57" type="stmt" count="0"/>
        <line num="64" type="method" name="bindValue" crap="6" count="0"/>
        <line num="67" type="stmt" count="0"/>
        <line num="68" type="stmt" count="0"/>
        <line num="69" type="stmt" count="0"/>
        <line num="76" type="method" name="bindParam" crap="6" count="0"/>
        <line num="79" type="stmt" count="0"/>
        <line num="80" type="stmt" count="0"/>
        <line num="81" type="stmt" count="0"/>
        <line num="88" type="method" name="execute" crap="3.19" count="2"/>
        <line num="91" type="stmt" count="2"/>
        <line num="92" type="stmt" count="0"/>
        <line num="93" type="stmt" count="0"/>
        <line num="100" type="method" name="fetch" crap="38.11" count="2"/>
        <line num="103" type="stmt" count="2"/>
        <line num="104" type="stmt" count="2"/>
        <line num="107" type="stmt" count="0"/>
        <line num="108" type="stmt" count="0"/>
        <line num="111" type="stmt" count="0"/>
        <line num="112" type="stmt" count="0"/>
        <line num="115" type="stmt" count="0"/>
        <line num="116" type="stmt" count="0"/>
        <line num="117" type="stmt" count="0"/>
        <line num="124" type="method" name="fetchAll" crap="72" count="0"/>
        <line num="127" type="stmt" count="0"/>
        <line num="128" type="stmt" count="0"/>
        <line num="131" type="stmt" count="0"/>
        <line num="132" type="stmt" count="0"/>
        <line num="135" type="stmt" count="0"/>
        <line num="136" type="stmt" count="0"/>
        <line num="139" type="stmt" count="0"/>
        <line num="140" type="stmt" count="0"/>
        <line num="141" type="stmt" count="0"/>
        <line num="148" type="method" name="fetchColumn" crap="6" count="0"/>
        <line num="151" type="stmt" count="0"/>
        <line num="152" type="stmt" count="0"/>
        <line num="153" type="stmt" count="0"/>
        <metrics loc="156" ncloc="101" classes="1" methods="8" coveredmethods="1" conditionals="0" coveredconditionals="0" statements="38" coveredstatements="6" elements="46" coveredelements="7"/>
      </file>
    </package>
    <package name="Doctrine\DBAL\Driver\PDOMySql">
      <file name="/opt/local/apache2/htdocs/81stable/3rdparty/doctrine/dbal/lib/Doctrine/DBAL/Driver/PDOMySql/Driver.php">
        <class name="Driver" namespace="Doctrine\DBAL\Driver\PDOMySql">
          <metrics methods="3" coveredmethods="0" conditionals="0" coveredconditionals="0" statements="26" coveredstatements="0" elements="29" coveredelements="0"/>
        </class>
        <line num="37" type="method" name="connect" crap="6" count="0"/>
        <line num="40" type="stmt" count="0"/>
        <line num="41" type="stmt" count="0"/>
        <line num="42" type="stmt" count="0"/>
        <line num="43" type="stmt" count="0"/>
        <line num="45" type="stmt" count="0"/>
        <line num="46" type="stmt" count="0"/>
        <line num="47" type="stmt" count="0"/>
        <line num="50" type="stmt" count="0"/>
        <line num="60" type="method" name="constructPdoDsn" crap="56" count="0"/>
        <line num="62" type="stmt" count="0"/>
        <line num="63" type="stmt" count="0"/>
        <line num="64" type="stmt" count="0"/>
        <line num="65" type="stmt" count="0"/>
        <line num="66" type="stmt" count="0"/>
        <line num="67" type="stmt" count="0"/>
        <line num="68" type="stmt" count="0"/>
        <line num="69" type="stmt" count="0"/>
        <line num="70" type="stmt" count="0"/>
        <line num="71" type="stmt" count="0"/>
        <line num="72" type="stmt" count="0"/>
        <line num="73" type="stmt" count="0"/>
        <line num="74" type="stmt" count="0"/>
        <line num="75" type="stmt" count="0"/>
        <line num="76" type="stmt" count="0"/>
        <line num="77" type="stmt" count="0"/>
        <line num="79" type="stmt" count="0"/>
        <line num="85" type="method" name="getName" crap="2" count="0"/>
        <line num="87" type="stmt" count="0"/>
        <metrics loc="89" ncloc="54" classes="1" methods="3" coveredmethods="0" conditionals="0" coveredconditionals="0" statements="26" coveredstatements="0" elements="29" coveredelements="0"/>
      </file>
    </package>
    <package name="Doctrine\DBAL\Event">
      <file name="/opt/local/apache2/htdocs/81stable/3rdparty/doctrine/dbal/lib/Doctrine/DBAL/Event/ConnectionEventArgs.php">
        <class name="ConnectionEventArgs" namespace="Doctrine\DBAL\Event">
          <metrics methods="5" coveredmethods="0" conditionals="0" coveredconditionals="0" statements="6" coveredstatements="0" elements="11" coveredelements="0"/>
        </class>
        <line num="42" type="method" name="__construct" crap="2" count="0"/>
        <line num="44" type="stmt" count="0"/>
        <line num="45" type="stmt" count="0"/>
        <line num="50" type="method" name="getConnection" crap="2" count="0"/>
        <line num="52" type="stmt" count="0"/>
        <line num="58" type="method" name="getDriver" crap="2" count="0"/>
        <line num="60" type="stmt" count="0"/>
        <line num="66" type="method" name="getDatabasePlatform" crap="2" count="0"/>
        <line num="68" type="stmt" count="0"/>
        <line num="74" type="method" name="getSchemaManager" crap="2" count="0"/>
        <line num="76" type="stmt" count="0"/>
        <metrics loc="78" ncloc="36" classes="1" methods="5" coveredmethods="0" conditionals="0" coveredconditionals="0" statements="6" coveredstatements="0" elements="11" coveredelements="0"/>
      </file>
    </package>
    <package name="Doctrine\DBAL\Event\Listeners">
      <file name="/opt/local/apache2/htdocs/81stable/3rdparty/doctrine/dbal/lib/Doctrine/DBAL/Event/Listeners/MysqlSessionInit.php">
        <class name="MysqlSessionInit" namespace="Doctrine\DBAL\Event\Listeners">
          <metrics methods="3" coveredmethods="0" conditionals="0" coveredconditionals="0" statements="7" coveredstatements="0" elements="10" coveredelements="0"/>
        </class>
        <line num="56" type="method" name="__construct" crap="2" count="0"/>
        <line num="58" type="stmt" count="0"/>
        <line num="59" type="stmt" count="0"/>
        <line num="60" type="stmt" count="0"/>
        <line num="67" type="method" name="postConnect" crap="6" count="0"/>
        <line num="69" type="stmt" count="0"/>
        <line num="70" type="stmt" count="0"/>
        <line num="71" type="stmt" count="0"/>
        <line num="76" type="method" name="getSubscribedEvents" crap="2" count="0"/>
        <line num="78" type="stmt" count="0"/>
        <metrics loc="80" ncloc="31" classes="1" methods="3" coveredmethods="0" conditionals="0" coveredconditionals="0" statements="7" coveredstatements="0" elements="10" coveredelements="0"/>
      </file>
      <file name="/opt/local/apache2/htdocs/81stable/3rdparty/doctrine/dbal/lib/Doctrine/DBAL/Event/Listeners/SQLSessionInit.php">
        <class name="SQLSessionInit" namespace="Doctrine\DBAL\Event\Listeners">
          <metrics methods="3" coveredmethods="0" conditionals="0" coveredconditionals="0" statements="6" coveredstatements="0" elements="9" coveredelements="0"/>
        </class>
        <line num="43" type="method" name="__construct" crap="2" count="0"/>
        <line num="45" type="stmt" count="0"/>
        <line num="46" type="stmt" count="0"/>
        <line num="53" type="method" name="postConnect" crap="2" count="0"/>
        <line num="55" type="stmt" count="0"/>
        <line num="56" type="stmt" count="0"/>
        <line num="57" type="stmt" count="0"/>
        <line num="62" type="method" name="getSubscribedEvents" crap="2" count="0"/>
        <line num="64" type="stmt" count="0"/>
        <metrics loc="66" ncloc="28" classes="1" methods="3" coveredmethods="0" conditionals="0" coveredconditionals="0" statements="6" coveredstatements="0" elements="9" coveredelements="0"/>
      </file>
    </package>
    <package name="Doctrine\DBAL\Platforms">
      <file name="/opt/local/apache2/htdocs/81stable/3rdparty/doctrine/dbal/lib/Doctrine/DBAL/Platforms/AbstractPlatform.php">
        <class name="AbstractPlatform" namespace="Doctrine\DBAL\Platforms">
          <metrics methods="204" coveredmethods="0" conditionals="0" coveredconditionals="0" statements="664" coveredstatements="0" elements="868" coveredelements="0"/>
        </class>
        <line num="160" type="method" name="__construct" crap="2" count="0"/>
        <line num="162" type="stmt" count="0"/>
        <line num="169" type="method" name="setEventManager" crap="2" count="0"/>
        <line num="171" type="stmt" count="0"/>
        <line num="172" type="stmt" count="0"/>
        <line num="179" type="method" name="getEventManager" crap="2" count="0"/>
        <line num="181" type="stmt" count="0"/>
        <line num="242" type="method" name="initializeAllDoctrineTypeMappings" crap="12" count="0"/>
        <line num="244" type="stmt" count="0"/>
        <line num="246" type="stmt" count="0"/>
        <line num="247" type="stmt" count="0"/>
        <line num="248" type="stmt" count="0"/>
        <line num="249" type="stmt" count="0"/>
        <line num="250" type="stmt" count="0"/>
        <line num="251" type="stmt" count="0"/>
        <line num="260" type="method" name="getVarcharTypeDeclarationSQL" crap="20" count="0"/>
        <line num="262" type="stmt" count="0"/>
        <line num="263" type="stmt" count="0"/>
        <line num="264" type="stmt" count="0"/>
        <line num="266" type="stmt" count="0"/>
        <line num="268" type="stmt" count="0"/>
        <line num="269" type="stmt" count="0"/>
        <line num="272" type="stmt" count="0"/>
        <line num="282" type="method" name="getBinaryTypeDeclarationSQL" crap="20" count="0"/>
        <line num="284" type="stmt" count="0"/>
        <line num="285" type="stmt" count="0"/>
        <line num="286" type="stmt" count="0"/>
        <line num="288" type="stmt" count="0"/>
        <line num="290" type="stmt" count="0"/>
        <line num="291" type="stmt" count="0"/>
        <line num="294" type="stmt" count="0"/>
        <line num="307" type="method" name="getGuidTypeDeclarationSQL" crap="2" count="0"/>
        <line num="309" type="stmt" count="0"/>
        <line num="310" type="stmt" count="0"/>
        <line num="312" type="stmt" count="0"/>
        <line num="325" type="method" name="getJsonTypeDeclarationSQL" crap="2" count="0"/>
        <line num="327" type="stmt" count="0"/>
        <line num="338" type="method" name="getVarcharTypeDeclarationSQLSnippet" crap="2" count="0"/>
        <line num="340" type="stmt" count="0"/>
        <line num="353" type="method" name="getBinaryTypeDeclarationSQLSnippet" crap="2" count="0"/>
        <line num="355" type="stmt" count="0"/>
        <line num="391" type="method" name="registerDoctrineTypeMapping" crap="12" count="0"/>
        <line num="393" type="stmt" count="0"/>
        <line num="394" type="stmt" count="0"/>
        <line num="395" type="stmt" count="0"/>
        <line num="397" type="stmt" count="0"/>
        <line num="398" type="stmt" count="0"/>
        <line num="401" type="stmt" count="0"/>
        <line num="402" type="stmt" count="0"/>
        <line num="403" type="stmt" count="0"/>
        <line num="414" type="method" name="getDoctrineTypeMapping" crap="12" count="0"/>
        <line num="416" type="stmt" count="0"/>
        <line num="417" type="stmt" count="0"/>
        <line num="418" type="stmt" count="0"/>
        <line num="420" type="stmt" count="0"/>
        <line num="422" type="stmt" count="0"/>
        <line num="423" type="stmt" count="0"/>
        <line num="426" type="stmt" count="0"/>
        <line num="436" type="method" name="hasDoctrineTypeMappingFor" crap="6" count="0"/>
        <line num="438" type="stmt" count="0"/>
        <line num="439" type="stmt" count="0"/>
        <line num="440" type="stmt" count="0"/>
        <line num="442" type="stmt" count="0"/>
        <line num="444" type="stmt" count="0"/>
        <line num="452" type="method" name="initializeCommentedDoctrineTypes" crap="12" count="0"/>
        <line num="454" type="stmt" count="0"/>
        <line num="456" type="stmt" count="0"/>
        <line num="457" type="stmt" count="0"/>
        <line num="459" type="stmt" count="0"/>
        <line num="460" type="stmt" count="0"/>
        <line num="461" type="stmt" count="0"/>
        <line num="462" type="stmt" count="0"/>
        <line num="463" type="stmt" count="0"/>
        <line num="472" type="method" name="isCommentedDoctrineType" crap="6" count="0"/>
        <line num="474" type="stmt" count="0"/>
        <line num="475" type="stmt" count="0"/>
        <line num="476" type="stmt" count="0"/>
        <line num="478" type="stmt" count="0"/>
        <line num="488" type="method" name="markDoctrineTypeCommented" crap="12" count="0"/>
        <line num="490" type="stmt" count="0"/>
        <line num="491" type="stmt" count="0"/>
        <line num="492" type="stmt" count="0"/>
        <line num="494" type="stmt" count="0"/>
        <line num="495" type="stmt" count="0"/>
        <line num="504" type="method" name="getDoctrineTypeComment" crap="2" count="0"/>
        <line num="506" type="stmt" count="0"/>
        <line num="516" type="method" name="getColumnComment" crap="6" count="0"/>
        <line num="518" type="stmt" count="0"/>
        <line num="520" type="stmt" count="0"/>
        <line num="521" type="stmt" count="0"/>
        <line num="522" type="stmt" count="0"/>
        <line num="524" type="stmt" count="0"/>
        <line num="532" type="method" name="getIdentifierQuoteCharacter" crap="2" count="0"/>
        <line num="534" type="stmt" count="0"/>
        <line num="542" type="method" name="getSqlCommentStartString" crap="2" count="0"/>
        <line num="544" type="stmt" count="0"/>
        <line num="552" type="method" name="getSqlCommentEndString" crap="2" count="0"/>
        <line num="554" type="stmt" count="0"/>
        <line num="562" type="method" name="getVarcharMaxLength" crap="2" count="0"/>
        <line num="564" type="stmt" count="0"/>
        <line num="572" type="method" name="getVarcharDefaultLength" crap="2" count="0"/>
        <line num="574" type="stmt" count="0"/>
        <line num="582" type="method" name="getBinaryMaxLength" crap="2" count="0"/>
        <line num="584" type="stmt" count="0"/>
        <line num="592" type="method" name="getBinaryDefaultLength" crap="2" count="0"/>
        <line num="594" type="stmt" count="0"/>
        <line num="602" type="method" name="getWildcards" crap="2" count="0"/>
        <line num="604" type="stmt" count="0"/>
        <line num="614" type="method" name="getRegexpExpression" crap="2" count="0"/>
        <line num="616" type="stmt" count="0"/>
        <line num="626" type="method" name="getGuidExpression" crap="2" count="0"/>
        <line num="628" type="stmt" count="0"/>
        <line num="638" type="method" name="getAvgExpression" crap="2" count="0"/>
        <line num="640" type="stmt" count="0"/>
        <line num="652" type="method" name="getCountExpression" crap="2" count="0"/>
        <line num="654" type="stmt" count="0"/>
        <line num="664" type="method" name="getMaxExpression" crap="2" count="0"/>
        <line num="666" type="stmt" count="0"/>
        <line num="676" type="method" name="getMinExpression" crap="2" count="0"/>
        <line num="678" type="stmt" count="0"/>
        <line num="688" type="method" name="getSumExpression" crap="2" count="0"/>
        <line num="690" type="stmt" count="0"/>
        <line num="704" type="method" name="getMd5Expression" crap="2" count="0"/>
        <line num="706" type="stmt" count="0"/>
        <line num="716" type="method" name="getLengthExpression" crap="2" count="0"/>
        <line num="718" type="stmt" count="0"/>
        <line num="728" type="method" name="getSqrtExpression" crap="2" count="0"/>
        <line num="730" type="stmt" count="0"/>
        <line num="741" type="method" name="getRoundExpression" crap="2" count="0"/>
        <line num="743" type="stmt" count="0"/>
        <line num="754" type="method" name="getModExpression" crap="2" count="0"/>
        <line num="756" type="stmt" count="0"/>
        <line num="768" type="method" name="getTrimExpression" crap="56" count="0"/>
        <line num="770" type="stmt" count="0"/>
        <line num="773" type="stmt" count="0"/>
        <line num="774" type="stmt" count="0"/>
        <line num="775" type="stmt" count="0"/>
        <line num="777" type="stmt" count="0"/>
        <line num="778" type="stmt" count="0"/>
        <line num="779" type="stmt" count="0"/>
        <line num="781" type="stmt" count="0"/>
        <line num="782" type="stmt" count="0"/>
        <line num="783" type="stmt" count="0"/>
        <line num="786" type="stmt" count="0"/>
        <line num="787" type="stmt" count="0"/>
        <line num="788" type="stmt" count="0"/>
        <line num="790" type="stmt" count="0"/>
        <line num="791" type="stmt" count="0"/>
        <line num="792" type="stmt" count="0"/>
        <line num="794" type="stmt" count="0"/>
        <line num="804" type="method" name="getRtrimExpression" crap="2" count="0"/>
        <line num="806" type="stmt" count="0"/>
        <line num="816" type="method" name="getLtrimExpression" crap="2" count="0"/>
        <line num="818" type="stmt" count="0"/>
        <line num="829" type="method" name="getUpperExpression" crap="2" count="0"/>
        <line num="831" type="stmt" count="0"/>
        <line num="842" type="method" name="getLowerExpression" crap="2" count="0"/>
        <line num="844" type="stmt" count="0"/>
        <line num="858" type="method" name="getLocateExpression" crap="2" count="0"/>
        <line num="860" type="stmt" count="0"/>
        <line num="868" type="method" name="getNowExpression" crap="2" count="0"/>
        <line num="870" type="stmt" count="0"/>
        <line num="886" type="method" name="getSubstringExpression" crap="6" count="0"/>
        <line num="888" type="stmt" count="0"/>
        <line num="889" type="stmt" count="0"/>
        <line num="892" type="stmt" count="0"/>
        <line num="902" type="method" name="getConcatExpression" crap="2" count="0"/>
        <line num="904" type="stmt" count="0"/>
        <line num="922" type="method" name="getNotExpression" crap="2" count="0"/>
        <line num="924" type="stmt" count="0"/>
        <line num="934" type="method" name="getIsNullExpression" crap="2" count="0"/>
        <line num="936" type="stmt" count="0"/>
        <line num="946" type="method" name="getIsNotNullExpression" crap="2" count="0"/>
        <line num="948" type="stmt" count="0"/>
        <line num="966" type="method" name="getBetweenExpression" crap="2" count="0"/>
        <line num="968" type="stmt" count="0"/>
        <line num="978" type="method" name="getAcosExpression" crap="2" count="0"/>
        <line num="980" type="stmt" count="0"/>
        <line num="990" type="method" name="getSinExpression" crap="2" count="0"/>
        <line num="992" type="stmt" count="0"/>
        <line num="1000" type="method" name="getPiExpression" crap="2" count="0"/>
        <line num="1002" type="stmt" count="0"/>
        <line num="1012" type="method" name="getCosExpression" crap="2" count="0"/>
        <line num="1014" type="stmt" count="0"/>
        <line num="1029" type="method" name="getDateDiffExpression" crap="2" count="0"/>
        <line num="1031" type="stmt" count="0"/>
        <line num="1044" type="method" name="getDateAddSecondsExpression" crap="2" count="0"/>
        <line num="1046" type="stmt" count="0"/>
        <line num="1059" type="method" name="getDateSubSecondsExpression" crap="2" count="0"/>
        <line num="1061" type="stmt" count="0"/>
        <line num="1074" type="method" name="getDateAddMinutesExpression" crap="2" count="0"/>
[...]
      <line num="962" type="stmt" count="0"/>
      <line num="964" type="stmt" count="0"/>
      <line num="965" type="stmt" count="0"/>
      <line num="966" type="stmt" count="0"/>
      <line num="967" type="stmt" count="0"/>
      <line num="970" type="stmt" count="0"/>
      <line num="971" type="stmt" count="0"/>
      <line num="979" type="method" name="checkSubAdminUser" crap="6" count="0"/>
      <line num="980" type="stmt" count="0"/>
      <line num="981" type="stmt" count="0"/>
      <line num="982" type="stmt" count="0"/>
      <line num="983" type="stmt" count="0"/>
      <line num="985" type="stmt" count="0"/>
      <line num="995" type="method" name="getDefaultPageUrl" crap="42" count="0"/>
      <line num="996" type="stmt" count="0"/>
      <line num="999" type="stmt" count="0"/>
      <line num="1000" type="stmt" count="0"/>
      <line num="1001" type="stmt" count="0"/>
      <line num="1002" type="stmt" count="0"/>
      <line num="1003" type="stmt" count="0"/>
      <line num="1004" type="stmt" count="0"/>
      <line num="1005" type="stmt" count="0"/>
      <line num="1006" type="stmt" count="0"/>
      <line num="1007" type="stmt" count="0"/>
      <line num="1009" type="stmt" count="0"/>
      <line num="1010" type="stmt" count="0"/>
      <line num="1011" type="stmt" count="0"/>
      <line num="1012" type="stmt" count="0"/>
      <line num="1013" type="stmt" count="0"/>
      <line num="1015" type="stmt" count="0"/>
      <line num="1016" type="stmt" count="0"/>
      <line num="1019" type="stmt" count="0"/>
      <line num="1027" type="method" name="redirectToDefaultPage" crap="2" count="0"/>
      <line num="1028" type="stmt" count="0"/>
      <line num="1029" type="stmt" count="0"/>
      <line num="1030" type="stmt" count="0"/>
      <line num="1038" type="method" name="getInstanceId" crap="6" count="0"/>
      <line num="1039" type="stmt" count="0"/>
      <line num="1040" type="stmt" count="0"/>
      <line num="1042" type="stmt" count="0"/>
      <line num="1043" type="stmt" count="0"/>
      <line num="1044" type="stmt" count="0"/>
      <line num="1045" type="stmt" count="0"/>
      <line num="1058" type="method" name="callRegister" crap="6" count="0"/>
      <line num="1060" type="stmt" count="0"/>
      <line num="1062" type="stmt" count="0"/>
      <line num="1063" type="stmt" count="0"/>
      <line num="1064" type="stmt" count="0"/>
      <line num="1066" type="stmt" count="0"/>
      <line num="1068" type="stmt" count="0"/>
      <line num="1077" type="method" name="isCallRegistered" crap="2" count="0"/>
      <line num="1078" type="stmt" count="0"/>
      <line num="1086" type="method" name="callCheck" crap="6" count="0"/>
      <line num="1087" type="stmt" count="0"/>
      <line num="1088" type="stmt" count="0"/>
      <line num="1090" type="stmt" count="0"/>
      <line num="1101" type="method" name="sanitizeHTML" crap="6" count="0"/>
      <line num="1102" type="stmt" count="0"/>
      <line num="1103" type="stmt" count="0"/>
      <line num="1104" type="stmt" count="0"/>
      <line num="1106" type="stmt" count="0"/>
      <line num="1108" type="stmt" count="0"/>
      <line num="1121" type="method" name="encodePath" crap="2" count="0"/>
      <line num="1122" type="stmt" count="0"/>
      <line num="1123" type="stmt" count="0"/>
      <line num="1124" type="stmt" count="0"/>
      <line num="1134" type="method" name="isHtaccessWorking" crap="42" count="0"/>
      <line num="1135" type="stmt" count="0"/>
      <line num="1136" type="stmt" count="0"/>
      <line num="1140" type="stmt" count="0"/>
      <line num="1141" type="stmt" count="0"/>
      <line num="1145" type="stmt" count="0"/>
      <line num="1146" type="stmt" count="0"/>
      <line num="1149" type="stmt" count="0"/>
      <line num="1151" type="stmt" count="0"/>
      <line num="1152" type="stmt" count="0"/>
      <line num="1155" type="stmt" count="0"/>
      <line num="1156" type="stmt" count="0"/>
      <line num="1157" type="stmt" count="0"/>
      <line num="1158" type="stmt" count="0"/>
      <line num="1160" type="stmt" count="0"/>
      <line num="1161" type="stmt" count="0"/>
      <line num="1164" type="stmt" count="0"/>
      <line num="1165" type="stmt" count="0"/>
      <line num="1168" type="stmt" count="0"/>
      <line num="1174" type="stmt" count="0"/>
      <line num="1183" type="method" name="isSetLocaleWorking" crap="12" count="0"/>
      <line num="1185" type="stmt" count="0"/>
      <line num="1186" type="stmt" count="0"/>
      <line num="1189" type="stmt" count="0"/>
      <line num="1190" type="stmt" count="0"/>
      <line num="1191" type="stmt" count="0"/>
      <line num="1193" type="stmt" count="0"/>
      <line num="1201" type="method" name="isAnnotationsWorking" crap="6" count="0"/>
      <line num="1202" type="stmt" count="0"/>
      <line num="1203" type="stmt" count="0"/>
      <line num="1205" type="stmt" count="0"/>
      <line num="1213" type="method" name="fileInfoLoaded" crap="2" count="0"/>
      <line num="1214" type="stmt" count="0"/>
      <line num="1222" type="method" name="obEnd" crap="6" count="0"/>
      <line num="1223" type="stmt" count="0"/>
      <line num="1224" type="stmt" count="0"/>
      <line num="1225" type="stmt" count="0"/>
      <line num="1226" type="stmt" count="0"/>
      <line num="1236" type="method" name="generateRandomBytes" crap="2" count="0"/>
      <line num="1237" type="stmt" count="0"/>
      <line num="1249" type="method" name="getUrlContent" crap="6" count="0"/>
      <line num="1251" type="stmt" count="0"/>
      <line num="1252" type="stmt" count="0"/>
      <line num="1253" type="stmt" count="0"/>
      <line num="1262" type="method" name="runningOnWindows" crap="2" count="0"/>
      <line num="1263" type="stmt" count="0"/>
      <line num="1271" type="method" name="runningOnMac" crap="2" count="0"/>
      <line num="1272" type="stmt" count="0"/>
      <line num="1280" type="method" name="runningOnHhvm" crap="2" count="0"/>
      <line num="1281" type="stmt" count="0"/>
      <line num="1290" type="method" name="getTheme" crap="12" count="0"/>
      <line num="1291" type="stmt" count="0"/>
      <line num="1293" type="stmt" count="0"/>
      <line num="1294" type="stmt" count="0"/>
      <line num="1295" type="stmt" count="0"/>
      <line num="1296" type="stmt" count="0"/>
      <line num="1297" type="stmt" count="0"/>
      <line num="1299" type="stmt" count="0"/>
      <line num="1313" type="method" name="deleteFromOpcodeCache" crap="20" count="0"/>
      <line num="1314" type="stmt" count="0"/>
      <line num="1315" type="stmt" count="0"/>
      <line num="1317" type="stmt" count="0"/>
      <line num="1318" type="stmt" count="0"/>
      <line num="1319" type="stmt" count="0"/>
      <line num="1321" type="stmt" count="0"/>
      <line num="1322" type="stmt" count="0"/>
      <line num="1323" type="stmt" count="0"/>
      <line num="1324" type="stmt" count="0"/>
      <line num="1325" type="stmt" count="0"/>
      <line num="1335" type="method" name="clearOpcodeCache" crap="42" count="0"/>
      <line num="1337" type="stmt" count="0"/>
      <line num="1338" type="stmt" count="0"/>
      <line num="1339" type="stmt" count="0"/>
      <line num="1341" type="stmt" count="0"/>
      <line num="1342" type="stmt" count="0"/>
      <line num="1343" type="stmt" count="0"/>
      <line num="1345" type="stmt" count="0"/>
      <line num="1346" type="stmt" count="0"/>
      <line num="1347" type="stmt" count="0"/>
      <line num="1348" type="stmt" count="0"/>
      <line num="1349" type="stmt" count="0"/>
      <line num="1351" type="stmt" count="0"/>
      <line num="1353" type="stmt" count="0"/>
      <line num="1354" type="stmt" count="0"/>
      <line num="1355" type="stmt" count="0"/>
      <line num="1356" type="stmt" count="0"/>
      <line num="1364" type="method" name="normalizeUnicode" crap="20" count="0"/>
      <line num="1365" type="stmt" count="0"/>
      <line num="1366" type="stmt" count="0"/>
      <line num="1369" type="stmt" count="0"/>
      <line num="1370" type="stmt" count="0"/>
      <line num="1371" type="stmt" count="0"/>
      <line num="1372" type="stmt" count="0"/>
      <line num="1375" type="stmt" count="0"/>
      <line num="1382" type="method" name="basename" crap="2" count="0"/>
      <line num="1383" type="stmt" count="0"/>
      <line num="1384" type="stmt" count="0"/>
      <line num="1385" type="stmt" count="0"/>
      <line num="1393" type="method" name="getHumanVersion" crap="12" count="0"/>
      <line num="1394" type="stmt" count="0"/>
      <line num="1395" type="stmt" count="0"/>
      <line num="1396" type="stmt" count="0"/>
      <line num="1397" type="stmt" count="0"/>
      <line num="1398" type="stmt" count="0"/>
      <line num="1399" type="stmt" count="0"/>
      <line num="1409" type="method" name="isValidFileName" crap="42" count="0"/>
      <line num="1410" type="stmt" count="0"/>
      <line num="1411" type="stmt" count="0"/>
      <line num="1412" type="stmt" count="0"/>
      <line num="1414" type="stmt" count="0"/>
      <line num="1415" type="stmt" count="0"/>
      <line num="1417" type="stmt" count="0"/>
      <line num="1418" type="stmt" count="0"/>
      <line num="1419" type="stmt" count="0"/>
      <line num="1421" type="stmt" count="0"/>
      <line num="1422" type="stmt" count="0"/>
      <line num="1433" type="method" name="needUpgrade" crap="30" count="0"/>
      <line num="1434" type="stmt" count="0"/>
      <line num="1435" type="stmt" count="0"/>
      <line num="1436" type="stmt" count="0"/>
      <line num="1437" type="stmt" count="0"/>
      <line num="1438" type="stmt" count="0"/>
      <line num="1442" type="stmt" count="0"/>
      <line num="1443" type="stmt" count="0"/>
      <line num="1444" type="stmt" count="0"/>
      <line num="1445" type="stmt" count="0"/>
      <line num="1446" type="stmt" count="0"/>
      <line num="1447" type="stmt" count="0"/>
      <line num="1449" type="stmt" count="0"/>
      <line num="1450" type="stmt" count="0"/>
      <line num="1452" type="stmt" count="0"/>
      <metrics loc="1456" ncloc="880" classes="1" methods="62" coveredmethods="0" conditionals="0" coveredconditionals="0" statements="640" coveredstatements="0" elements="702" coveredelements="0"/>
    </file>
    <file name="/opt/local/apache2/htdocs/81stable/lib/public/idb.php">
      <metrics loc="53" ncloc="15" classes="0" methods="0" coveredmethods="0" conditionals="0" coveredconditionals="0" statements="0" coveredstatements="0" elements="0" coveredelements="0"/>
    </file>
    <package name="OCP">
      <file name="/opt/local/apache2/htdocs/81stable/lib/public/util.php">
        <class name="Util" namespace="OCP">
          <metrics methods="47" coveredmethods="0" conditionals="0" coveredconditionals="0" statements="99" coveredstatements="0" elements="146" coveredelements="0"/>
        </class>
        <line num="69" type="method" name="getVersion" crap="2" count="0"/>
        <line num="70" type="stmt" count="0"/>
        <line num="78" type="method" name="setChannel" crap="2" count="0"/>
        <line num="80" type="stmt" count="0"/>
        <line num="81" type="stmt" count="0"/>
        <line num="89" type="method" name="getChannel" crap="2" count="0"/>
        <line num="90" type="stmt" count="0"/>
        <line num="109" type="method" name="sendMail" crap="42" count="0"/>
        <line num="111" type="stmt" count="0"/>
        <line num="112" type="stmt" count="0"/>
        <line num="113" type="stmt" count="0"/>
        <line num="114" type="stmt" count="0"/>
        <line num="115" type="stmt" count="0"/>
        <line num="116" type="stmt" count="0"/>
        <line num="117" type="stmt" count="0"/>
        <line num="118" type="stmt" count="0"/>
        <line num="119" type="stmt" count="0"/>
        <line num="121" type="stmt" count="0"/>
        <line num="122" type="stmt" count="0"/>
        <line num="123" type="stmt" count="0"/>
        <line num="124" type="stmt" count="0"/>
        <line num="125" type="stmt" count="0"/>
        <line num="126" type="stmt" count="0"/>
        <line num="129" type="stmt" count="0"/>
        <line num="130" type="stmt" count="0"/>
        <line num="131" type="stmt" count="0"/>
        <line num="132" type="stmt" count="0"/>
        <line num="133" type="stmt" count="0"/>
        <line num="135" type="stmt" count="0"/>
        <line num="136" type="stmt" count="0"/>
        <line num="137" type="stmt" count="0"/>
        <line num="138" type="stmt" count="0"/>
        <line num="140" type="stmt" count="0"/>
        <line num="141" type="stmt" count="0"/>
        <line num="150" type="method" name="writeLog" crap="2" count="0"/>
        <line num="152" type="stmt" count="0"/>
        <line num="153" type="stmt" count="0"/>
        <line num="162" type="method" name="logException" crap="2" count="0"/>
        <line num="164" type="stmt" count="0"/>
        <line num="165" type="stmt" count="0"/>
        <line num="166" type="stmt" count="0"/>
        <line num="167" type="stmt" count="0"/>
        <line num="168" type="stmt" count="0"/>
        <line num="169" type="stmt" count="0"/>
        <line num="170" type="stmt" count="0"/>
        <line num="171" type="stmt" count="0"/>
        <line num="172" type="stmt" count="0"/>
        <line num="180" type="method" name="isSharingDisabledForUser" crap="2" count="0"/>
        <line num="181" type="stmt" count="0"/>
        <line num="191" type="method" name="getL10N" crap="2" count="0"/>
        <line num="192" type="stmt" count="0"/>
        <line num="201" type="method" name="addStyle" crap="2" count="0"/>
        <line num="202" type="stmt" count="0"/>
        <line num="203" type="stmt" count="0"/>
        <line num="211" type="method" name="addScript" crap="2" count="0"/>
        <line num="212" type="stmt" count="0"/>
        <line num="213" type="stmt" count="0"/>
        <line num="221" type="method" name="addTranslations" crap="2" count="0"/>
        <line num="222" type="stmt" count="0"/>
        <line num="223" type="stmt" count="0"/>
        <line num="234" type="method" name="addHeader" crap="2" count="0"/>
        <line num="235" type="stmt" count="0"/>
        <line num="236" type="stmt" count="0"/>
        <line num="248" type="method" name="formatDate" crap="2" count="0"/>
        <line num="249" type="stmt" count="0"/>
        <line num="259" type="method" name="encryptedFiles" crap="2" count="0"/>
        <line num="260" type="stmt" count="0"/>
        <line num="272" type="method" name="linkToAbsolute" crap="2" count="0"/>
        <line num="273" type="stmt" count="0"/>
        <line num="282" type="method" name="linkToRemote" crap="2" count="0"/>
        <line num="283" type="stmt" count="0"/>
        <line num="292" type="method" name="linkToPublic" crap="2" count="0"/>
        <line num="293" type="stmt" count="0"/>
        <line num="305" type="method" name="linkToRoute" crap="2" count="0"/>
        <line num="306" type="stmt" count="0"/>
        <line num="319" type="method" name="linkTo" crap="2" count="0"/>
        <line num="320" type="stmt" count="0"/>
        <line num="329" type="method" name="getServerHost" crap="2" count="0"/>
        <line num="330" type="stmt" count="0"/>
        <line num="338" type="method" name="getServerHostName" crap="6" count="0"/>
        <line num="339" type="stmt" count="0"/>
        <line num="341" type="stmt" count="0"/>
        <line num="342" type="stmt" count="0"/>
        <line num="343" type="stmt" count="0"/>
        <line num="344" type="stmt" count="0"/>
        <line num="345" type="stmt" count="0"/>
        <line num="364" type="method" name="getDefaultEmailAddress" crap="6" count="0"/>
        <line num="365" type="stmt" count="0"/>
        <line num="366" type="stmt" count="0"/>
        <line num="367" type="stmt" count="0"/>
        <line num="368" type="stmt" count="0"/>
        <line num="370" type="stmt" count="0"/>
        <line num="371" type="stmt" count="0"/>
        <line num="372" type="stmt" count="0"/>
        <line num="376" type="stmt" count="0"/>
        <line num="385" type="method" name="getServerProtocol" crap="2" count="0"/>
        <line num="386" type="stmt" count="0"/>
        <line num="395" type="method" name="getRequestUri" crap="2" count="0"/>
        <line num="396" type="stmt" count="0"/>
        <line num="405" type="method" name="getScriptName" crap="2" count="0"/>
        <line num="406" type="stmt" count="0"/>
        <line num="417" type="method" name="imagePath" crap="2" count="0"/>
        <line num="418" type="stmt" count="0"/>
        <line num="427" type="method" name="humanFileSize" crap="2" count="0"/>
        <line num="428" type="stmt" count="0"/>
        <line num="439" type="method" name="computerFileSize" crap="2" count="0"/>
        <line num="440" type="stmt" count="0"/>
        <line num="457" type="method" name="connectHook" crap="2" count="0"/>
        <line num="458" type="stmt" count="0"/>
        <line num="471" type="method" name="emitHook" crap="2" count="0"/>
        <line num="472" type="stmt" count="0"/>
        <line num="480" type="method" name="callRegister" crap="2" count="0"/>
        <line num="481" type="stmt" count="0"/>
        <line num="489" type="method" name="callCheck" crap="2" count="0"/>
        <line num="490" type="stmt" count="0"/>
        <line num="491" type="stmt" count="0"/>
        <line num="503" type="method" name="sanitizeHTML" crap="2" count="0"/>
        <line num="504" type="stmt" count="0"/>
        <line num="518" type="method" name="encodePath" crap="2" count="0"/>
        <line num="519" type="stmt" count="0"/>
        <line num="531" type="method" name="mb_array_change_key_case" crap="2" count="0"/>
        <line num="532" type="stmt" count="0"/>
        <line num="546" type="method" name="mb_substr_replace" crap="2" count="0"/>
        <line num="547" type="stmt" count="0"/>
        <line num="561" type="method" name="mb_str_replace" crap="2" count="0"/>
        <line num="562" type="stmt" count="0"/>
        <line num="574" type="method" name="recursiveArraySearch" crap="2" count="0"/>
        <line num="575" type="stmt" count="0"/>
        <line num="586" type="method" name="maxUploadFilesize" crap="2" count="0"/>
        <line num="587" type="stmt" count="0"/>
        <line num="596" type="method" name="freeSpace" crap="2" count="0"/>
        <line num="597" type="stmt" count="0"/>
        <line num="606" type="method" name="uploadLimit" crap="2" count="0"/>
        <line num="607" type="stmt" count="0"/>
        <line num="617" type="method" name="isValidFileName" crap="2" count="0"/>
        <line num="618" type="stmt" count="0"/>
        <line num="628" type="method" name="generateRandomBytes" crap="2" count="0"/>
        <line num="629" type="stmt" count="0"/>
        <line num="640" type="method" name="naturalSortCompare" crap="2" count="0"/>
        <line num="641" type="stmt" count="0"/>
        <line num="649" type="method" name="isPublicLinkPasswordRequired" crap="2" count="0"/>
        <line num="650" type="stmt" count="0"/>
        <line num="658" type="method" name="isDefaultExpireDateEnforced" crap="2" count="0"/>
        <line num="659" type="stmt" count="0"/>
        <line num="669" type="method" name="needUpgrade" crap="2" count="0"/>
        <line num="670" type="stmt" count="0"/>
        <metrics loc="672" ncloc="249" classes="1" methods="47" coveredmethods="0" conditionals="0" coveredconditionals="0" statements="99" coveredstatements="0" elements="146" coveredelements="0"/>
      </file>
    </package>
    <metrics files="111" loc="32348" ncloc="18144" classes="105" methods="1455" coveredmethods="28" conditionals="0" coveredconditionals="0" statements="9872" coveredstatements="201" elements="11327" coveredelements="229"/>
  </project>
</coverage>
